<?xml version="1.0" encoding="UTF-8"?>
<!-- Generated by org.testng.reporters.JUnitReportReporter -->
<testsuite hostname="MuzammilLaptop" failures="0" tests="1" name="tests.dropdowns" time="5.770" errors="0" timestamp="2024-02-04T23:27:05 IST" skipped="0">
  <testcase classname="tests.dropdowns" name="testAllDropdowns" time="5.770"/>
</testsuite> <!-- tests.dropdowns -->
